
                           Design Compiler Graphical 
                                 DC Ultra (TM)
                                  DFTMAX (TM)
                              Power Compiler (TM)
                                 DesignWare (R)
                                 DC Expert (TM)
                               Design Vision (TM)
                               HDL Compiler (TM)
                               VHDL Compiler (TM)
                                  DFT Compiler
                               Design Compiler(R)

               Version U-2022.12-SP7 for linux64 - Oct 10, 2023 

                    Copyright (c) 1988 - 2023 Synopsys, Inc.
   This software and the associated documentation are proprietary to Synopsys,
 Inc. This software may only be used in accordance with the terms and conditions
 of a written license agreement with Synopsys, Inc. All other use, reproduction,
   or distribution of this software is strictly prohibited.  Licensed Products
     communicate with Synopsys servers for the purpose of providing software
    updates, detecting software piracy and verifying that customers are using
    Licensed Products in conformity with the applicable License Key for such
  Licensed Products. Synopsys will use information gathered in connection with
    this process to deliver software updates and pursue software pirates and
                                   infringers.

 Inclusivity & Diversity - Visit SolvNetPlus to read the "Synopsys Statement on
            Inclusivity and Diversity" (Refer to article 000036315 at
                        https://solvnetplus.synopsys.com)
Initializing...
Current time:       Mon Mar  2 23:21:24 2026
Hostname:           cobalt.clear8.rice.edu
CPU Model:          Intel(R) Xeon(R) CPU E5-2640 v4 @ 2.40GHz
CPU Details:        Cores = 40 : Sockets = 2 : Cache Size = 25600 KB : Freq = 3.40 GHz
OS:                 Linux 4.18.0-553.89.1.el8_10.x86_64
RAM:                125 GB (Free  49 GB)
Swap:                15 GB (Free  15 GB)
Work Filesystem:    /storage-home/g/gs86 mounted to clearstor.clear.rice.edu:/clear-home/gs86
Tmp Filesystem:     /tmp mounted to /dev/mapper/vg0-tmp
Work Disk:          5038 GB (Free 922 GB)
Tmp Disk:             5 GB (Free   5 GB)

CPU Load: 1%, Ram Free: 49 GB, Swap Free: 15 GB, Work Disk Free: 922 GB, Tmp Disk Free: 5 GB
###################################################################
set my_verilog_files [list control_fsm.v]
control_fsm.v
set my_toplevel control_fsm
control_fsm
set my_clock_pin clka
clka
###################################################################
#/* Target frequency in MHz for optimization       */
set my_clk_freq_MHz 50
50
#/* Delay of input signals (Clock-to-Q, Package etc.)  */
set my_input_delay_ns 1
1
#/* Reserved time for output signals (Holdtime etc.)   */
set my_output_delay_ns 1
1
#/* Start of Synopsys library cells location data.               */
set OSUcells "/clear/apps/osu/soc/synopsys/lib/ami05"
/clear/apps/osu/soc/synopsys/lib/ami05
set search_path [concat  $search_path $OSUcells]
. /clear/apps/synopsys-2023/syn/latest/libraries/syn /clear/apps/synopsys-2023/syn/latest/dw/syn_ver /clear/apps/synopsys-2023/syn/latest/dw/sim_ver /clear/apps/osu/soc/synopsys/lib/ami05
set alib_library_analysis_path $OSUcells
/clear/apps/osu/soc/synopsys/lib/ami05
set link_library [set target_library [concat  [list osu05_stdcells.db] [list dw_foundation.sldb]]]
osu05_stdcells.db dw_foundation.sldb
set target_library "osu05_stdcells.db"
osu05_stdcells.db
#/* End of Synopsys library cells location data.                  */
define_design_lib WORK -path ./WORK
1
set verilogout_show_unconnected_pins "true"
true
analyze -f verilog $my_verilog_files
Running PRESTO HDLC
Compiling source file ./control_fsm.v
Presto compilation completed successfully.
Loading db file '/clear/apps/osu/soc/synopsys/lib/ami05/osu05_stdcells.db'
Loading db file '/clear/apps/synopsys-2023/syn/latest/libraries/syn/dw_foundation.sldb'
1
elaborate $my_toplevel
Loading db file '/clear/apps/synopsys-2023/syn/latest/libraries/syn/gtech.db'
Loading db file '/clear/apps/synopsys-2023/syn/latest/libraries/syn/standard.sldb'
  Loading link library 'osu05_stdcells'
  Loading link library 'gtech'
Running PRESTO HDLC
Warning:  ./control_fsm.v:263: signed to unsigned assignment occurs. (VER-318)
Warning:  ./control_fsm.v:119: DEFAULT branch of CASE statement cannot be reached. (ELAB-311)

Statistics for case statements in always block at line 68 in file
	'./control_fsm.v'
===============================================
|           Line           |  full/ parallel  |
===============================================
|            73            |    auto/auto     |
|            81            |    auto/auto     |
|            92            |    auto/auto     |
===============================================

Statistics for case statements in always block at line 132 in file
	'./control_fsm.v'
===============================================
|           Line           |  full/ parallel  |
===============================================
|           148            |    auto/auto     |
|           160            |    auto/auto     |
|           243            |    auto/auto     |
===============================================

Inferred memory devices in process
	in routine control_fsm line 124 in file
		'./control_fsm.v'.
===============================================================================
|    Register Name    |   Type    | Width | Bus | MB | AR | AS | SR | SS | ST |
===============================================================================
|      state_reg      | Flip-flop |   3   |  Y  | N  | N  | N  | N  | N  | N  |
===============================================================================

Inferred memory devices in process
	in routine control_fsm line 132 in file
		'./control_fsm.v'.
===============================================================================
|    Register Name    |   Type    | Width | Bus | MB | AR | AS | SR | SS | ST |
===============================================================================
|   counter_en_reg    | Flip-flop |   1   |  N  | N  | N  | N  | N  | N  | N  |
|   shifter_op_reg    | Flip-flop |   2   |  Y  | N  | N  | N  | N  | N  | N  |
|   out_port_en_reg   | Flip-flop |   1   |  N  | N  | N  | N  | N  | N  | N  |
|    pc_write_reg     | Flip-flop |   1   |  N  | N  | N  | N  | N  | N  | N  |
|     pc_src_reg      | Flip-flop |   1   |  N  | N  | N  | N  | N  | N  | N  |
|     ir_load_reg     | Flip-flop |   1   |  N  | N  | N  | N  | N  | N  | N  |
|    reg_write_reg    | Flip-flop |   1   |  N  | N  | N  | N  | N  | N  | N  |
|     alu_op_reg      | Flip-flop |   4   |  Y  | N  | N  | N  | N  | N  | N  |
|     alu_src_reg     | Flip-flop |   1   |  N  | N  | N  | N  | N  | N  | N  |
|    mem_read_reg     | Flip-flop |   1   |  N  | N  | N  | N  | N  | N  | N  |
|    mem_write_reg    | Flip-flop |   1   |  N  | N  | N  | N  | N  | N  | N  |
|   mem_to_reg_reg    | Flip-flop |   1   |  N  | N  | N  | N  | N  | N  | N  |
|   shifter_en_reg    | Flip-flop |   1   |  N  | N  | N  | N  | N  | N  | N  |
===============================================================================
Presto compilation completed successfully. (control_fsm)
Elaborated 1 design.
Current design is now 'control_fsm'.
1
current_design $my_toplevel
Current design is 'control_fsm'.
{control_fsm}
link

  Linking design 'control_fsm'
  Using the following designs and libraries:
  --------------------------------------------------------------------------
  osu05_stdcells (library)    /clear/apps/osu/soc/synopsys/lib/ami05/osu05_stdcells.db
  dw_foundation.sldb (library) /clear/apps/synopsys-2023/syn/latest/libraries/syn/dw_foundation.sldb

1
uniquify
1
set my_period [expr 1000 / $my_clk_freq_MHz]
20
set find_clock [ find port [list $my_clock_pin] ]
{clka}
if {  $find_clock != [list] } {
   set clk_name $my_clock_pin
   create_clock -period $my_period $clk_name
} else {
   set clk_name vclk
   create_clock -period $my_period -name $clk_name
}
1
set_driving_cell  -lib_cell INVX1  [all_inputs]
Warning: Design rule attributes from the driving cell will be set on the port 'clka'. (UID-401)
Warning: Design rule attributes from the driving cell will be set on the port 'clkb'. (UID-401)
Warning: Design rule attributes from the driving cell will be set on the port 'rst'. (UID-401)
Warning: Design rule attributes from the driving cell will be set on the port 'opcode[3]'. (UID-401)
Warning: Design rule attributes from the driving cell will be set on the port 'opcode[2]'. (UID-401)
Warning: Design rule attributes from the driving cell will be set on the port 'opcode[1]'. (UID-401)
Warning: Design rule attributes from the driving cell will be set on the port 'opcode[0]'. (UID-401)
Warning: Design rule attributes from the driving cell will be set on the port 'zero_flag'. (UID-401)
Warning: Design rule attributes from the driving cell will be set on the port 'counter_done'. (UID-401)
Warning: Design rule attributes from the driving cell will be set on the port 'mmio_addr'. (UID-401)
1
set_input_delay $my_input_delay_ns -clock $clk_name [remove_from_collection [all_inputs] $my_clock_pin]
1
set_output_delay $my_output_delay_ns -clock $clk_name [all_outputs]
1
compile -ungroup_all -map_effort medium
CPU Load: 1%, Ram Free: 49 GB, Swap Free: 15 GB, Work Disk Free: 922 GB, Tmp Disk Free: 5 GB
Information: Checking out the license 'DesignWare'. (SEC-104)
Information: Evaluating DesignWare library utilization. (UISN-27)

============================================================================
| DesignWare Building Block Library  |         Version         | Available |
============================================================================
| Basic DW Building Blocks           | U-2022.12-DWBB_202212.5 |     *     |
| Licensed DW Building Blocks        | U-2022.12-DWBB_202212.5 |     *     |
============================================================================

====================================================================================================
| Flow Information                                                                                 |
----------------------------------------------------------------------------------------------------
| Flow         | Design Compiler                                                                   |
====================================================================================================
| Design Information                                      | Value                                  |
====================================================================================================
| Number of Scenarios                                     | 0                                      |
| Leaf Cell Count                                         | 223                                    |
| Number of User Hierarchies                              | 0                                      |
| Sequential Cell Count                                   | 20                                     |
| Macro Count                                             | 0                                      |
| Number of Power Domains                                 | 0                                      |
| Number of Path Groups                                   | 2                                      |
| Number of VT Class                                      | 0                                      |
| Number of Clocks                                        | 1                                      |
| Number of Dont Touch Cells                              | 89                                     |
| Number of Dont Touch Nets                               | 0                                      |
| Number of Size Only Cells                               | 0                                      |
| Design with UPF Data                                    | false                                  |
====================================================================================================


  Beginning Pass 1 Mapping
  ------------------------
  Processing 'control_fsm'

  Updating timing information
Information: Updating design information... (UID-85)

  Beginning Mapping Optimizations  (Medium effort)
  -------------------------------
Information: Command 'do_operand_isolation' is obsolete and is being ignored.  Please refer to the replacement command 'set power_enable_datapath_gating true' instead. (INFO-118)

                                  TOTAL                                      
   ELAPSED            WORST NEG   SETUP    DESIGN                            
    TIME      AREA      SLACK     COST    RULE COST         ENDPOINT         
  --------- --------- --------- --------- --------- -------------------------
    0:00:00   36126.0      0.00       0.0      31.5                          
    0:00:00   36126.0      0.00       0.0      31.5                          
    0:00:00   36126.0      0.00       0.0      31.5                          
    0:00:00   36126.0      0.00       0.0      31.5                          
    0:00:00   36126.0      0.00       0.0      31.5                          
    0:00:00   36126.0      0.00       0.0      31.5                          
    0:00:00   36126.0      0.00       0.0      31.5                          
    0:00:00   36126.0      0.00       0.0      31.5                          
    0:00:00   36126.0      0.00       0.0      31.5                          
    0:00:00   36126.0      0.00       0.0      31.5                          
    0:00:00   36126.0      0.00       0.0      31.5                          
    0:00:00   36126.0      0.00       0.0      31.5                          



  Beginning Delay Optimization Phase
  ----------------------------------

                                  TOTAL                                      
   ELAPSED            WORST NEG   SETUP    DESIGN                            
    TIME      AREA      SLACK     COST    RULE COST         ENDPOINT         
  --------- --------- --------- --------- --------- -------------------------
    0:00:00   36126.0      0.00       0.0      31.5                          
    0:00:00   36126.0      0.00       0.0      31.5                          
    0:00:00   36126.0      0.00       0.0      31.5                          


  Beginning Design Rule Fixing  (max_capacitance)
  ----------------------------

                                  TOTAL                                      
   ELAPSED            WORST NEG   SETUP    DESIGN                            
    TIME      AREA      SLACK     COST    RULE COST         ENDPOINT         
  --------- --------- --------- --------- --------- -------------------------
    0:00:00   36126.0      0.00       0.0      31.5                          
    0:00:00   36414.0      0.00       0.0       0.0                          


  Beginning Area-Recovery Phase  (cleanup)
  -----------------------------

                                  TOTAL                                      
   ELAPSED            WORST NEG   SETUP    DESIGN                            
    TIME      AREA      SLACK     COST    RULE COST         ENDPOINT         
  --------- --------- --------- --------- --------- -------------------------
    0:00:00   36414.0      0.00       0.0       0.0                          
    0:00:00   36414.0      0.00       0.0       0.0                          
    0:00:00   36414.0      0.00       0.0       0.0                          
    0:00:00   36414.0      0.00       0.0       0.0                          
    0:00:00   36414.0      0.00       0.0       0.0                          
    0:00:00   36414.0      0.00       0.0       0.0                          
    0:00:00   36414.0      0.00       0.0       0.0                          
    0:00:00   36414.0      0.00       0.0       0.0                          
    0:00:00   36414.0      0.00       0.0       0.0                          
    0:00:00   36414.0      0.00       0.0       0.0                          
    0:00:00   36414.0      0.00       0.0       0.0                          
Loading db file '/clear/apps/osu/soc/synopsys/lib/ami05/osu05_stdcells.db'


Note: Symbol # after min delay cost means estimated hold TNS across all active scenarios 


  Optimization Complete
  ---------------------
CPU Load: 1%, Ram Free: 49 GB, Swap Free: 15 GB, Work Disk Free: 922 GB, Tmp Disk Free: 5 GB
Information: Total number of MV cells in the design.
----------------------------------------------------------------------------------------------------
 MV Cells                                           Total Number                                   
----------------------------------------------------------------------------------------------------
 Level Shifter:                                     0                                             
 Enable Level Shifter:                              0                                             
 Isolation Cell:                                    0                                             
 Retention Cell:                                    0                                             
 Retention Clamp Cell:                              0                                             
 Switch Cell:                                       0                                             
 Always-On Cell:                                    0                                             
 Repeater Cell:                                     0                                             

----------------------------------------------------------------------------------------------------
Unmapped MV Cells 
----------------------------------------------------------------------------------------------------
0 Isolation Cells are unmapped 
0 Retention Clamp Cells are unmapped 
----------------------------------------------------------------------------------------------------
1
compile -incremental_mapping -map_effort medium
CPU Load: 1%, Ram Free: 49 GB, Swap Free: 15 GB, Work Disk Free: 922 GB, Tmp Disk Free: 5 GB
====================================================================================================
| Flow Information                                                                                 |
----------------------------------------------------------------------------------------------------
| Flow         | Design Compiler                                                                   |
====================================================================================================
| Design Information                                      | Value                                  |
====================================================================================================
| Number of Scenarios                                     | 0                                      |
| Leaf Cell Count                                         | 108                                    |
| Number of User Hierarchies                              | 0                                      |
| Sequential Cell Count                                   | 20                                     |
| Macro Count                                             | 0                                      |
| Number of Power Domains                                 | 0                                      |
| Number of Path Groups                                   | 2                                      |
| Number of VT Class                                      | 0                                      |
| Number of Clocks                                        | 1                                      |
| Number of Dont Touch Cells                              | 0                                      |
| Number of Dont Touch Nets                               | 0                                      |
| Number of Size Only Cells                               | 0                                      |
| Design with UPF Data                                    | false                                  |
====================================================================================================


  Beginning Pass 1 Mapping  (Incremental)
  ------------------------

  Updating timing information
Information: Updating design information... (UID-85)

  Beginning Mapping Optimizations  (Medium effort)  (Incremental)
  -------------------------------

  Beginning Incremental Implementation Selection
  ----------------------------------------------
Information: Command 'do_operand_isolation' is obsolete and is being ignored.  Please refer to the replacement command 'set power_enable_datapath_gating true' instead. (INFO-118)

  Beginning Delay Optimization Phase
  ----------------------------------

                                  TOTAL                                      
   ELAPSED            WORST NEG   SETUP    DESIGN                            
    TIME      AREA      SLACK     COST    RULE COST         ENDPOINT         
  --------- --------- --------- --------- --------- -------------------------
    0:00:01   36414.0      0.00       0.0       0.0                          
    0:00:01   36414.0      0.00       0.0       0.0                          
    0:00:01   36414.0      0.00       0.0       0.0                          
Loading db file '/clear/apps/osu/soc/synopsys/lib/ami05/osu05_stdcells.db'


Note: Symbol # after min delay cost means estimated hold TNS across all active scenarios 


  Optimization Complete
  ---------------------
CPU Load: 1%, Ram Free: 49 GB, Swap Free: 15 GB, Work Disk Free: 922 GB, Tmp Disk Free: 5 GB
Information: Total number of MV cells in the design.
----------------------------------------------------------------------------------------------------
 MV Cells                                           Total Number                                   
----------------------------------------------------------------------------------------------------
 Level Shifter:                                     0                                             
 Enable Level Shifter:                              0                                             
 Isolation Cell:                                    0                                             
 Retention Cell:                                    0                                             
 Retention Clamp Cell:                              0                                             
 Switch Cell:                                       0                                             
 Always-On Cell:                                    0                                             
 Repeater Cell:                                     0                                             

----------------------------------------------------------------------------------------------------
Unmapped MV Cells 
----------------------------------------------------------------------------------------------------
0 Isolation Cells are unmapped 
0 Retention Clamp Cells are unmapped 
----------------------------------------------------------------------------------------------------
1
check_design
1
report_constraint -all_violators
Information: Updating design information... (UID-85)
 
****************************************
Report : constraint
        -all_violators
Design : control_fsm
Version: U-2022.12-SP7
Date   : Mon Mar  2 23:21:26 2026
****************************************

This design has no violated constraints.

1
set filename [format "%s%s"  $my_toplevel ".vh"]
control_fsm.vh
write -f verilog -output $filename
Writing verilog file '/storage-home/g/gs86/ELEC527/SIWADO/SIWADO/Synthesis/control_fsm.vh'.
1
set filename [format "%s%s"  $my_toplevel ".sdc"]
control_fsm.sdc
write_sdc $filename
1
report_cell 
 
****************************************
Report : cell
Design : control_fsm
Version: U-2022.12-SP7
Date   : Mon Mar  2 23:21:26 2026
****************************************

Attributes:
    b - black box (unknown)
    h - hierarchical
    n - noncombinational
    r - removable
    u - contains unmapped logic

Cell                      Reference       Library             Area  Attributes
--------------------------------------------------------------------------------
U3                        AND2X2          osu05_stdcells  288.000000
U4                        AND2X2          osu05_stdcells  288.000000
U5                        AND2X2          osu05_stdcells  288.000000
U6                        INVX2           osu05_stdcells  144.000000
U7                        INVX2           osu05_stdcells  144.000000
U8                        INVX2           osu05_stdcells  144.000000
U9                        INVX2           osu05_stdcells  144.000000
U10                       INVX2           osu05_stdcells  144.000000
U11                       INVX2           osu05_stdcells  144.000000
U12                       INVX2           osu05_stdcells  144.000000
U13                       INVX2           osu05_stdcells  144.000000
U14                       INVX2           osu05_stdcells  144.000000
U15                       INVX2           osu05_stdcells  144.000000
U16                       INVX2           osu05_stdcells  144.000000
U17                       INVX2           osu05_stdcells  144.000000
U18                       INVX2           osu05_stdcells  144.000000
U19                       INVX2           osu05_stdcells  144.000000
U20                       INVX2           osu05_stdcells  144.000000
U21                       INVX2           osu05_stdcells  144.000000
U22                       INVX2           osu05_stdcells  144.000000
U23                       INVX2           osu05_stdcells  144.000000
U24                       INVX2           osu05_stdcells  144.000000
U25                       INVX2           osu05_stdcells  144.000000
U26                       INVX2           osu05_stdcells  144.000000
U27                       INVX2           osu05_stdcells  144.000000
U28                       INVX2           osu05_stdcells  144.000000
U29                       INVX2           osu05_stdcells  144.000000
U30                       INVX2           osu05_stdcells  144.000000
U31                       OAI21X1         osu05_stdcells  207.000000
U32                       OAI21X1         osu05_stdcells  207.000000
U33                       OAI21X1         osu05_stdcells  207.000000
U34                       OAI21X1         osu05_stdcells  207.000000
U35                       NAND2X1         osu05_stdcells  216.000000
U36                       NOR2X1          osu05_stdcells  216.000000
U37                       NAND3X1         osu05_stdcells  324.000000
U38                       NAND3X1         osu05_stdcells  324.000000
U39                       NOR2X1          osu05_stdcells  216.000000
U40                       NOR2X1          osu05_stdcells  216.000000
U41                       OAI21X1         osu05_stdcells  207.000000
U42                       AOI21X1         osu05_stdcells  288.000000
U43                       NAND3X1         osu05_stdcells  324.000000
U44                       NAND2X1         osu05_stdcells  216.000000
U45                       NOR2X1          osu05_stdcells  216.000000
U46                       NAND2X1         osu05_stdcells  216.000000
U47                       NAND3X1         osu05_stdcells  324.000000
U48                       NAND3X1         osu05_stdcells  324.000000
U49                       NOR2X1          osu05_stdcells  216.000000
U50                       OAI21X1         osu05_stdcells  207.000000
U51                       NAND2X1         osu05_stdcells  216.000000
U52                       NAND2X1         osu05_stdcells  216.000000
U53                       NOR2X1          osu05_stdcells  216.000000
U54                       NAND2X1         osu05_stdcells  216.000000
U55                       OAI21X1         osu05_stdcells  207.000000
U56                       NAND3X1         osu05_stdcells  324.000000
U57                       NOR2X1          osu05_stdcells  216.000000
U58                       NAND2X1         osu05_stdcells  216.000000
U59                       AOI21X1         osu05_stdcells  288.000000
U60                       NAND2X1         osu05_stdcells  216.000000
U61                       NAND2X1         osu05_stdcells  216.000000
U62                       NAND3X1         osu05_stdcells  324.000000
U63                       AOI21X1         osu05_stdcells  288.000000
U64                       NAND3X1         osu05_stdcells  324.000000
U65                       NAND3X1         osu05_stdcells  324.000000
U66                       NAND3X1         osu05_stdcells  324.000000
U67                       OAI21X1         osu05_stdcells  207.000000
U68                       OAI21X1         osu05_stdcells  207.000000
U69                       OAI21X1         osu05_stdcells  207.000000
U70                       OAI21X1         osu05_stdcells  207.000000
U71                       AOI21X1         osu05_stdcells  288.000000
U72                       NOR2X1          osu05_stdcells  216.000000
U73                       OAI21X1         osu05_stdcells  207.000000
U74                       AOI22X1         osu05_stdcells  360.000000
U75                       OAI22X1         osu05_stdcells  360.000000
U76                       OAI21X1         osu05_stdcells  207.000000
U77                       NAND2X1         osu05_stdcells  216.000000
U78                       NAND3X1         osu05_stdcells  324.000000
U79                       NOR2X1          osu05_stdcells  216.000000
U80                       NOR2X1          osu05_stdcells  216.000000
U81                       OAI21X1         osu05_stdcells  207.000000
U82                       NAND3X1         osu05_stdcells  324.000000
U83                       NOR2X1          osu05_stdcells  216.000000
U84                       NOR2X1          osu05_stdcells  216.000000
U85                       NOR2X1          osu05_stdcells  216.000000
U86                       NAND3X1         osu05_stdcells  324.000000
U87                       NOR2X1          osu05_stdcells  216.000000
U88                       NAND2X1         osu05_stdcells  216.000000
U89                       INVX1           osu05_stdcells  144.000000
U90                       INVX2           osu05_stdcells  144.000000
alu_op_reg[0]             DFFNEGX1        osu05_stdcells  864.000000
                                                                    n
alu_op_reg[1]             DFFNEGX1        osu05_stdcells  864.000000
                                                                    n
alu_op_reg[2]             DFFNEGX1        osu05_stdcells  864.000000
                                                                    n
alu_op_reg[3]             DFFNEGX1        osu05_stdcells  864.000000
                                                                    n
alu_src_reg               DFFNEGX1        osu05_stdcells  864.000000
                                                                    n
counter_en_reg            DFFNEGX1        osu05_stdcells  864.000000
                                                                    n
ir_load_reg               DFFNEGX1        osu05_stdcells  864.000000
                                                                    n
mem_read_reg              DFFNEGX1        osu05_stdcells  864.000000
                                                                    n
mem_to_reg_reg            DFFNEGX1        osu05_stdcells  864.000000
                                                                    n
mem_write_reg             DFFNEGX1        osu05_stdcells  864.000000
                                                                    n
out_port_en_reg           DFFNEGX1        osu05_stdcells  864.000000
                                                                    n
pc_src_reg                DFFNEGX1        osu05_stdcells  864.000000
                                                                    n
pc_write_reg              DFFNEGX1        osu05_stdcells  864.000000
                                                                    n
reg_write_reg             DFFNEGX1        osu05_stdcells  864.000000
                                                                    n
shifter_en_reg            DFFNEGX1        osu05_stdcells  864.000000
                                                                    n
shifter_op_reg[0]         DFFNEGX1        osu05_stdcells  864.000000
                                                                    n
shifter_op_reg[1]         DFFNEGX1        osu05_stdcells  864.000000
                                                                    n
state_reg[0]              DFFNEGX1        osu05_stdcells  864.000000
                                                                    n
state_reg[1]              DFFNEGX1        osu05_stdcells  864.000000
                                                                    n
state_reg[2]              DFFNEGX1        osu05_stdcells  864.000000
                                                                    n
--------------------------------------------------------------------------------
Total 108 cells                                           36414.000000
1
report_area 
 
****************************************
Report : area
Design : control_fsm
Version: U-2022.12-SP7
Date   : Mon Mar  2 23:21:26 2026
****************************************

Information: Updating design information... (UID-85)
Library(s) Used:

    osu05_stdcells (File: /clear/apps/osu/soc/synopsys/lib/ami05/osu05_stdcells.db)

Number of ports:                           27
Number of nets:                           118
Number of cells:                          108
Number of combinational cells:             88
Number of sequential cells:                20
Number of macros/black boxes:               0
Number of buf/inv:                         27
Number of references:                      11

Combinational area:              19134.000000
Buf/Inv area:                     3888.000000
Noncombinational area:           17280.000000
Macro/Black Box area:                0.000000
Net Interconnect area:      undefined  (No wire load specified)

Total cell area:                 36414.000000
Total area:                 undefined
1
report_timing -path full -delay max -max_paths 3 -nworst 1
 
****************************************
Report : timing
        -path full
        -delay max
        -max_paths 3
Design : control_fsm
Version: U-2022.12-SP7
Date   : Mon Mar  2 23:21:26 2026
****************************************

Operating Conditions: typical   Library: osu05_stdcells
Wire Load Model Mode: top

  Startpoint: opcode[2] (input port clocked by clka)
  Endpoint: state_reg[1]
            (falling edge-triggered flip-flop clocked by clka)
  Path Group: clka
  Path Type: max

  Point                                    Incr       Path
  -----------------------------------------------------------
  clock clka (rise edge)                   0.00       0.00
  clock network delay (ideal)              0.00       0.00
  input external delay                     1.00       1.00 f
  opcode[2] (in)                           0.50       1.50 f
  U25/Y (INVX2)                            0.27       1.77 r
  U83/Y (NOR2X1)                           0.33       2.09 f
  U23/Y (INVX2)                            0.16       2.25 r
  U81/Y (OAI21X1)                          0.15       2.40 f
  U76/Y (OAI21X1)                          0.17       2.57 r
  U74/Y (AOI22X1)                          0.13       2.70 f
  U73/Y (OAI21X1)                          0.13       2.83 r
  U5/Y (AND2X2)                            0.14       2.97 r
  state_reg[1]/D (DFFNEGX1)                0.00       2.97 r
  data arrival time                                   2.97

  clock clka (fall edge)                  10.00      10.00
  clock network delay (ideal)              0.00      10.00
  state_reg[1]/CLK (DFFNEGX1)              0.00      10.00 f
  library setup time                      -0.28       9.72
  data required time                                  9.72
  -----------------------------------------------------------
  data required time                                  9.72
  data arrival time                                  -2.97
  -----------------------------------------------------------
  slack (MET)                                         6.75


  Startpoint: opcode[2] (input port clocked by clka)
  Endpoint: state_reg[2]
            (falling edge-triggered flip-flop clocked by clka)
  Path Group: clka
  Path Type: max

  Point                                    Incr       Path
  -----------------------------------------------------------
  clock clka (rise edge)                   0.00       0.00
  clock network delay (ideal)              0.00       0.00
  input external delay                     1.00       1.00 f
  opcode[2] (in)                           0.50       1.50 f
  U25/Y (INVX2)                            0.27       1.77 r
  U83/Y (NOR2X1)                           0.33       2.09 f
  U23/Y (INVX2)                            0.16       2.25 r
  U81/Y (OAI21X1)                          0.15       2.40 f
  U71/Y (AOI21X1)                          0.13       2.52 r
  U70/Y (OAI21X1)                          0.13       2.65 f
  U67/Y (OAI21X1)                          0.15       2.80 r
  U7/Y (INVX2)                             0.06       2.86 f
  state_reg[2]/D (DFFNEGX1)                0.00       2.86 f
  data arrival time                                   2.86

  clock clka (fall edge)                  10.00      10.00
  clock network delay (ideal)              0.00      10.00
  state_reg[2]/CLK (DFFNEGX1)              0.00      10.00 f
  library setup time                      -0.37       9.63
  data required time                                  9.63
  -----------------------------------------------------------
  data required time                                  9.63
  data arrival time                                  -2.86
  -----------------------------------------------------------
  slack (MET)                                         6.77


  Startpoint: opcode[3] (input port clocked by clka)
  Endpoint: state_reg[0]
            (falling edge-triggered flip-flop clocked by clka)
  Path Group: clka
  Path Type: max

  Point                                    Incr       Path
  -----------------------------------------------------------
  clock clka (rise edge)                   0.00       0.00
  clock network delay (ideal)              0.00       0.00
  input external delay                     1.00       1.00 f
  opcode[3] (in)                           0.42       1.42 f
  U22/Y (INVX2)                            0.22       1.64 r
  U79/Y (NOR2X1)                           0.27       1.90 f
  U78/Y (NAND3X1)                          0.27       2.17 r
  U20/Y (INVX2)                            0.09       2.26 f
  U33/Y (OAI21X1)                          0.12       2.38 r
  U32/Y (OAI21X1)                          0.11       2.49 f
  U31/Y (OAI21X1)                          0.16       2.65 r
  U6/Y (INVX2)                             0.06       2.71 f
  state_reg[0]/D (DFFNEGX1)                0.00       2.71 f
  data arrival time                                   2.71

  clock clka (fall edge)                  10.00      10.00
  clock network delay (ideal)              0.00      10.00
  state_reg[0]/CLK (DFFNEGX1)              0.00      10.00 f
  library setup time                      -0.37       9.63
  data required time                                  9.63
  -----------------------------------------------------------
  data required time                                  9.63
  data arrival time                                  -2.71
  -----------------------------------------------------------
  slack (MET)                                         6.92


1
report_power
Loading db file '/clear/apps/osu/soc/synopsys/lib/ami05/osu05_stdcells.db'
Information: Propagating switching activity (low effort zero delay simulation). (PWR-6)
Warning: Design has unannotated primary inputs. (PWR-414)
Warning: Design has unannotated sequential cell outputs. (PWR-415)
 
****************************************
Report : power
        -analysis_effort low
Design : control_fsm
Version: U-2022.12-SP7
Date   : Mon Mar  2 23:21:26 2026
****************************************


Library(s) Used:

    osu05_stdcells (File: /clear/apps/osu/soc/synopsys/lib/ami05/osu05_stdcells.db)


Operating Conditions: typical   Library: osu05_stdcells
Wire Load Model Mode: top


Global Operating Voltage = 5    
Power-specific unit information :
    Voltage Units = 1V
    Capacitance Units = 1.000000pf
    Time Units = 1ns
    Dynamic Power Units = 1mW    (derived from V,C,T units)
    Leakage Power Units = 1nW


Attributes
----------
i - Including register clock pin internal power


  Cell Internal Power  = 978.8754 uW   (68%)
  Net Switching Power  = 461.3861 uW   (32%)
                         ---------
Total Dynamic Power    =   1.4403 mW  (100%)

Cell Leakage Power     =   9.9559 nW


                 Internal         Switching           Leakage            Total
Power Group      Power            Power               Power              Power   (   %    )  Attrs
--------------------------------------------------------------------------------------------------
io_pad             0.0000            0.0000            0.0000            0.0000  (   0.00%)
memory             0.0000            0.0000            0.0000            0.0000  (   0.00%)
black_box          0.0000            0.0000            0.0000            0.0000  (   0.00%)
clock_network      0.2229            0.0000            0.0000            0.2229  (  15.48%)  i
register           0.1248        6.0237e-02            0.7415            0.1851  (  12.85%)
sequential         0.3199            0.0000            4.2018            0.3200  (  22.21%)
combinational      0.3112            0.4011            5.0126            0.7123  (  49.46%)
--------------------------------------------------------------------------------------------------
Total              0.9789 mW         0.4614 mW         9.9559 nW         1.4403 mW
1
redirect timing.rep { report_timing }
redirect cell.rep { report_cell }
redirect power.rep { report_power }
quit

Memory usage for this session 97 Mbytes.
Memory usage for this session including child processes 97 Mbytes.
CPU usage for this session 4 seconds ( 0.00 hours ).
Elapsed time for this session 6 seconds ( 0.00 hours ).

Thank you...
